Vercel CLI 50.4.6
Retrieving project…
Deploying daniels-projects-74f81d56/researchbridge
Uploading [--------------------] (0.0B/3.8KB)
Uploading [====================] (3.8KB/3.8KB)
Inspect: https://vercel.com/daniels-projects-74f81d56/researchbridge/4jvH9yYfQamEVnK8ETwD4ATjEpPG [2s]
Production: https://researchbridge-n839bm1ap-daniels-projects-74f81d56.vercel.app [2s]
https://researchbridge-n839bm1ap-daniels-projects-74f81d56.vercel.appBuilding...
Building...
Building: Running build in Washington, D.C., USA (East) – iad1
Building: Build machine configuration: 2 cores, 8 GB
Building: Retrieving list of deployment files...
Building: Previous build caches not available.
Building: Downloading 51 deployment files...
Building: Running "vercel build"
Building: Vercel CLI 50.4.5
Building: Installing dependencies...
Building: npm warn deprecated whatwg-encoding@3.1.1: Use @exodus/bytes instead for a more spec-conformant and faster implementation
Building: added 403 packages in 12s
Building: 162 packages are looking for funding
Building: run `npm fund` for details
Building: Detected Next.js version: 16.1.3
Building: Running "npm run build"
Building: > research-bridge@0.1.0 build
Building: > next build
Building: Attention: Next.js now collects completely anonymous telemetry regarding usage.
Building: This information is used to shape Next.js' roadmap and prioritize features.
Building: You can learn more, including how to opt-out if you'd not like to participate in this anonymous program, by visiting the following URL:
Building: https://nextjs.org/telemetry
Building: ▲ Next.js 16.1.3 (Turbopack)
Building: - Environments: .env.production
Building: Creating an optimized production build ...
Building: ✓ Compiled successfully in 10.4s
Building: Running TypeScript ...
Building: Collecting page data using 1 worker ...
Building: Generating static pages using 1 worker (0/17) ...
Building: Generating static pages using 1 worker (4/17)
Building: Generating static pages using 1 worker (8/17)
Building: Generating static pages using 1 worker (12/17)
Building: ✓ Generating static pages using 1 worker (17/17) in 337.5ms
Building: Finalizing page optimization ...
Building: Route (app)
Building: ┌ ○ /
Building: ├ ○ /_not-found
Building: ├ ƒ /api/discover
Building: ├ ƒ /api/researchers
Building: ├ ƒ /api/send-verification
Building: ├ ƒ /api/users
Building: ├ ƒ /apply/[id]
Building: ├ ○ /auth
Building: ├ ○ /discover
Building: ├ ○ /for-you
Building: ├ ○ /login
Building: ├ ○ /my-list
Building: ├ ○ /opportunities
Building: ├ ƒ /opportunities/[id]
Building: ├ ○ /professors
Building: ├ ƒ /professors/[id]
Building: ├ ○ /settings
Building: └ ○ /verify
Building: ○  (Static)   prerendered as static content
Building: ƒ  (Dynamic)  server-rendered on demand
Building: Traced Next.js server files in: 36.543ms
Building: Created all serverless functions in: 209.388ms
Building: Collected static files (public/, static/, .next/static): 3.451ms
Building: Build Completed in /vercel/output [30s]
Building: Deploying outputs...
Building: Deployment completed
Building: Creating build cache...
[2K[1A[2K[GProduction: https://researchbridge-n839bm1ap-daniels-projects-74f81d56.vercel.app [45s]
Completing...
Aliased: https://researchbridge-three.vercel.app [45s]
